# JRE version: OpenJDK Runtime Environment (21.0.7) (build 21.0.7+-13880790-b1038.58)
# Java VM: OpenJDK 64-Bit Server VM (21.0.7+-13880790-b1038.58, mixed mode, tiered, compressed oops, compressed class ptrs, g1 gc, windows-amd64)
GC Precious Log:
 CardTable entry size: 512
 Card Set container configuration: InlinePtr #cards 4 size 8 Array Of Cards #cards 16 size 48 Howl #buckets 8 coarsen threshold 3686 Howl Bitmap #cards 512 size 80 coarsen threshold 460 Card regions per heap region 1 cards per card region 4096
 CPUs: 16 total, 16 available
 Memory: 7540M
 Large Page Support: Disabled
 NUMA Support: Disabled
 Compressed Oops: Enabled (Zero based)
 Heap Region Size: 2M
 Heap Min Capacity: 8M
 Heap Initial Capacity: 118M
 Heap Max Capacity: 4G
 Pre-touch: Disabled
 Parallel Workers: 13
 Concurrent Workers: 3
 Concurrent Refinement Workers: 13
 Periodic GC: Disabled
Heap:
 garbage-first heap   total 407552K, used 234002K [0x0000000700000000, 0x0000000800000000)
  region size 2048K, 4 young (8192K), 4 survivors (8192K)
 Metaspace       used 169179K, committed 171584K, reserved 1245184K
  class space    used 23377K, committed 24576K, reserved 1048576K
GC Heap History (20 events):
Event: 49.233 GC heap after
{Heap after GC invocations=66 (full 0):
 garbage-first heap   total 352256K, used 223484K [0x0000000700000000, 0x0000000800000000)
  region size 2048K, 6 young (12288K), 6 survivors (12288K)
 Metaspace       used 149148K, committed 151488K, reserved 1179648K
  class space    used 20150K, committed 21312K, reserved 1048576K
}
Event: 69.336 GC heap before
{Heap before GC invocations=67 (full 0):
 garbage-first heap   total 378880K, used 323836K [0x0000000700000000, 0x0000000800000000)
  region size 2048K, 52 young (106496K), 6 survivors (12288K)
 Metaspace       used 149353K, committed 151808K, reserved 1179648K
  class space    used 20164K, committed 21376K, reserved 1048576K
}
Event: 69.355 GC heap after
{Heap after GC invocations=68 (full 0):
 garbage-first heap   total 378880K, used 250656K [0x0000000700000000, 0x0000000800000000)
  region size 2048K, 7 young (14336K), 7 survivors (14336K)
 Metaspace       used 149353K, committed 151808K, reserved 1179648K
  class space    used 20164K, committed 21376K, reserved 1048576K
}
Event: 72.606 GC heap before
{Heap before GC invocations=68 (full 0):
 garbage-first heap   total 378880K, used 338720K [0x0000000700000000, 0x0000000800000000)
  region size 2048K, 51 young (104448K), 7 survivors (14336K)
 Metaspace       used 149698K, committed 152064K, reserved 1179648K
  class space    used 20202K, committed 21376K, reserved 1048576K
}
Event: 72.621 GC heap after
{Heap after GC invocations=69 (full 0):
 garbage-first heap   total 378880K, used 233679K [0x0000000700000000, 0x0000000800000000)
  region size 2048K, 4 young (8192K), 4 survivors (8192K)
 Metaspace       used 149698K, committed 152064K, reserved 1179648K
  class space    used 20202K, committed 21376K, reserved 1048576K
}
Event: 73.160 GC heap before
{Heap before GC invocations=69 (full 0):
 garbage-first heap   total 378880K, used 334031K [0x0000000700000000, 0x0000000800000000)
  region size 2048K, 54 young (110592K), 4 survivors (8192K)
 Metaspace       used 150783K, committed 153216K, reserved 1245184K
  class space    used 20367K, committed 21568K, reserved 1048576K
}
Event: 73.166 GC heap after
{Heap after GC invocations=70 (full 0):
 garbage-first heap   total 378880K, used 238074K [0x0000000700000000, 0x0000000800000000)
  region size 2048K, 6 young (12288K), 6 survivors (12288K)
 Metaspace       used 150783K, committed 153216K, reserved 1245184K
  class space    used 20367K, committed 21568K, reserved 1048576K
}
Event: 73.276 GC heap before
{Heap before GC invocations=70 (full 0):
 garbage-first heap   total 378880K, used 344570K [0x0000000700000000, 0x0000000800000000)
  region size 2048K, 58 young (118784K), 6 survivors (12288K)
 Metaspace       used 150846K, committed 153216K, reserved 1245184K
  class space    used 20375K, committed 21568K, reserved 1048576K
}
Event: 73.284 GC heap after
{Heap after GC invocations=71 (full 0):
 garbage-first heap   total 378880K, used 242703K [0x0000000700000000, 0x0000000800000000)
  region size 2048K, 5 young (10240K), 5 survivors (10240K)
 Metaspace       used 150846K, committed 153216K, reserved 1245184K
  class space    used 20375K, committed 21568K, reserved 1048576K
}
Event: 74.474 GC heap before
{Heap before GC invocations=72 (full 0):
 garbage-first heap   total 397312K, used 336911K [0x0000000700000000, 0x0000000800000000)
  region size 2048K, 55 young (112640K), 5 survivors (10240K)
 Metaspace       used 158222K, committed 160704K, reserved 1245184K
  class space    used 21625K, committed 22848K, reserved 1048576K
}
Event: 74.489 GC heap after
{Heap after GC invocations=73 (full 0):
 garbage-first heap   total 397312K, used 247413K [0x0000000700000000, 0x0000000800000000)
  region size 2048K, 7 young (14336K), 7 survivors (14336K)
 Metaspace       used 158222K, committed 160704K, reserved 1245184K
  class space    used 21625K, committed 22848K, reserved 1048576K
}
Event: 75.027 GC heap before
{Heap before GC invocations=73 (full 0):
 garbage-first heap   total 397312K, used 358005K [0x0000000700000000, 0x0000000800000000)
  region size 2048K, 62 young (126976K), 7 survivors (14336K)
 Metaspace       used 162668K, committed 165184K, reserved 1245184K
  class space    used 22444K, committed 23680K, reserved 1048576K
}
Event: 75.055 GC heap after
{Heap after GC invocations=74 (full 0):
 garbage-first heap   total 407552K, used 238616K [0x0000000700000000, 0x0000000800000000)
  region size 2048K, 8 young (16384K), 8 survivors (16384K)
 Metaspace       used 162668K, committed 165184K, reserved 1245184K
  class space    used 22444K, committed 23680K, reserved 1048576K
}
Event: 75.795 GC heap before
{Heap before GC invocations=74 (full 0):
 garbage-first heap   total 407552K, used 357400K [0x0000000700000000, 0x0000000800000000)
  region size 2048K, 67 young (137216K), 8 survivors (16384K)
 Metaspace       used 168283K, committed 170752K, reserved 1245184K
  class space    used 23299K, committed 24512K, reserved 1048576K
}
Event: 75.810 GC heap after
{Heap after GC invocations=75 (full 0):
 garbage-first heap   total 407552K, used 245317K [0x0000000700000000, 0x0000000800000000)
  region size 2048K, 3 young (6144K), 3 survivors (6144K)
 Metaspace       used 168283K, committed 170752K, reserved 1245184K
  class space    used 23299K, committed 24512K, reserved 1048576K
}
Event: 76.334 GC heap before
{Heap before GC invocations=76 (full 0):
 garbage-first heap   total 407552K, used 362053K [0x0000000700000000, 0x0000000800000000)
  region size 2048K, 63 young (129024K), 3 survivors (6144K)
 Metaspace       used 168628K, committed 171072K, reserved 1245184K
  class space    used 23328K, committed 24512K, reserved 1048576K
}
Event: 76.340 GC heap after
{Heap after GC invocations=77 (full 0):
 garbage-first heap   total 407552K, used 240042K [0x0000000700000000, 0x0000000800000000)
  region size 2048K, 3 young (6144K), 3 survivors (6144K)
 Metaspace       used 168628K, committed 171072K, reserved 1245184K
  class space    used 23328K, committed 24512K, reserved 1048576K
}
Event: 76.684 GC heap before
{Heap before GC invocations=77 (full 0):
 garbage-first heap   total 407552K, used 377258K [0x0000000700000000, 0x0000000800000000)
  region size 2048K, 70 young (143360K), 3 survivors (6144K)
 Metaspace       used 169095K, committed 171520K, reserved 1245184K
  class space    used 23366K, committed 24576K, reserved 1048576K
}
Event: 76.694 GC heap after
{Heap after GC invocations=78 (full 0):
 garbage-first heap   total 407552K, used 232546K [0x0000000700000000, 0x0000000800000000)
  region size 2048K, 3 young (6144K), 3 survivors (6144K)
 Metaspace       used 169095K, committed 171520K, reserved 1245184K
  class space    used 23366K, committed 24576K, reserved 1048576K
}
Event: 76.993 GC heap before
{Heap before GC invocations=78 (full 0):
 garbage-first heap   total 407552K, used 375906K [0x0000000700000000, 0x0000000800000000)
  region size 2048K, 74 young (151552K), 3 survivors (6144K)
 Metaspace       used 169179K, committed 171584K, reserved 1245184K
  class space    used 23377K, committed 24576K, reserved 1048576K
}

