# JRE version: OpenJDK Runtime Environment (21.0.7) (build 21.0.7+-13880790-b1038.58)
# Java VM: OpenJDK 64-Bit Server VM (21.0.7+-13880790-b1038.58, mixed mode, tiered, compressed oops, compressed class ptrs, g1 gc, windows-amd64)
GC Precious Log:
 CardTable entry size: 512
 Card Set container configuration: InlinePtr #cards 4 size 8 Array Of Cards #cards 16 size 48 Howl #buckets 8 coarsen threshold 3686 Howl Bitmap #cards 512 size 80 coarsen threshold 460 Card regions per heap region 1 cards per card region 4096
 CPUs: 16 total, 16 available
 Memory: 7540M
 Large Page Support: Disabled
 NUMA Support: Disabled
 Compressed Oops: Enabled (Zero based)
 Heap Region Size: 2M
 Heap Min Capacity: 8M
 Heap Initial Capacity: 118M
 Heap Max Capacity: 4G
 Pre-touch: Disabled
 Parallel Workers: 13
 Concurrent Workers: 3
 Concurrent Refinement Workers: 13
 Periodic GC: Disabled
Heap:
 garbage-first heap   total 714752K, used 302351K [0x0000000700000000, 0x0000000800000000)
  region size 2048K, 2 young (4096K), 2 survivors (4096K)
 Metaspace       used 215103K, committed 216640K, reserved 1245184K
  class space    used 28398K, committed 29184K, reserved 1048576K
GC Heap History (20 events):
Event: 7957.333 GC heap after
{Heap after GC invocations=104 (full 0):
 garbage-first heap   total 714752K, used 250479K [0x0000000700000000, 0x0000000800000000)
  region size 2048K, 4 young (8192K), 4 survivors (8192K)
 Metaspace       used 198277K, committed 199808K, reserved 1245184K
  class space    used 26355K, committed 27072K, reserved 1048576K
}
Event: 7961.159 GC heap before
{Heap before GC invocations=104 (full 0):
 garbage-first heap   total 714752K, used 367215K [0x0000000700000000, 0x0000000800000000)
  region size 2048K, 60 young (122880K), 4 survivors (8192K)
 Metaspace       used 198875K, committed 200448K, reserved 1245184K
  class space    used 26422K, committed 27200K, reserved 1048576K
}
Event: 7961.184 GC heap after
{Heap after GC invocations=105 (full 0):
 garbage-first heap   total 714752K, used 256005K [0x0000000700000000, 0x0000000800000000)
  region size 2048K, 6 young (12288K), 6 survivors (12288K)
 Metaspace       used 198875K, committed 200448K, reserved 1245184K
  class space    used 26422K, committed 27200K, reserved 1048576K
}
Event: 7967.321 GC heap before
{Heap before GC invocations=105 (full 0):
 garbage-first heap   total 714752K, used 409605K [0x0000000700000000, 0x0000000800000000)
  region size 2048K, 76 young (155648K), 6 survivors (12288K)
 Metaspace       used 209170K, committed 210752K, reserved 1245184K
  class space    used 27590K, committed 28352K, reserved 1048576K
}
Event: 7967.410 GC heap after
{Heap after GC invocations=106 (full 0):
 garbage-first heap   total 714752K, used 275267K [0x0000000700000000, 0x0000000800000000)
  region size 2048K, 10 young (20480K), 10 survivors (20480K)
 Metaspace       used 209170K, committed 210752K, reserved 1245184K
  class space    used 27590K, committed 28352K, reserved 1048576K
}
Event: 7968.936 GC heap before
{Heap before GC invocations=106 (full 0):
 garbage-first heap   total 714752K, used 369475K [0x0000000700000000, 0x0000000800000000)
  region size 2048K, 56 young (114688K), 10 survivors (20480K)
 Metaspace       used 214200K, committed 215744K, reserved 1245184K
  class space    used 28366K, committed 29120K, reserved 1048576K
}
Event: 7968.984 GC heap after
{Heap after GC invocations=107 (full 0):
 garbage-first heap   total 714752K, used 284760K [0x0000000700000000, 0x0000000800000000)
  region size 2048K, 4 young (8192K), 4 survivors (8192K)
 Metaspace       used 214200K, committed 215744K, reserved 1245184K
  class space    used 28366K, committed 29120K, reserved 1048576K
}
Event: 7979.629 GC heap before
{Heap before GC invocations=108 (full 0):
 garbage-first heap   total 714752K, used 458840K [0x0000000700000000, 0x0000000800000000)
  region size 2048K, 88 young (180224K), 4 survivors (8192K)
 Metaspace       used 214531K, committed 216064K, reserved 1245184K
  class space    used 28371K, committed 29120K, reserved 1048576K
}
Event: 7979.664 GC heap after
{Heap after GC invocations=109 (full 0):
 garbage-first heap   total 714752K, used 295578K [0x0000000700000000, 0x0000000800000000)
  region size 2048K, 8 young (16384K), 8 survivors (16384K)
 Metaspace       used 214531K, committed 216064K, reserved 1245184K
  class space    used 28371K, committed 29120K, reserved 1048576K
}
Event: 7980.225 GC heap before
{Heap before GC invocations=109 (full 0):
 garbage-first heap   total 714752K, used 488090K [0x0000000700000000, 0x0000000800000000)
  region size 2048K, 103 young (210944K), 8 survivors (16384K)
 Metaspace       used 214639K, committed 216256K, reserved 1245184K
  class space    used 28373K, committed 29184K, reserved 1048576K
}
Event: 7980.303 GC heap after
{Heap after GC invocations=110 (full 0):
 garbage-first heap   total 714752K, used 308778K [0x0000000700000000, 0x0000000800000000)
  region size 2048K, 13 young (26624K), 13 survivors (26624K)
 Metaspace       used 214639K, committed 216256K, reserved 1245184K
  class space    used 28373K, committed 29184K, reserved 1048576K
}
Event: 7980.503 GC heap before
{Heap before GC invocations=110 (full 0):
 garbage-first heap   total 714752K, used 429610K [0x0000000700000000, 0x0000000800000000)
  region size 2048K, 72 young (147456K), 13 survivors (26624K)
 Metaspace       used 214716K, committed 216320K, reserved 1245184K
  class space    used 28378K, committed 29184K, reserved 1048576K
}
Event: 7980.568 GC heap after
{Heap after GC invocations=111 (full 0):
 garbage-first heap   total 714752K, used 308914K [0x0000000700000000, 0x0000000800000000)
  region size 2048K, 3 young (6144K), 3 survivors (6144K)
 Metaspace       used 214716K, committed 216320K, reserved 1245184K
  class space    used 28378K, committed 29184K, reserved 1048576K
}
Event: 7981.553 GC heap before
{Heap before GC invocations=111 (full 0):
 garbage-first heap   total 714752K, used 609970K [0x0000000700000000, 0x0000000800000000)
  region size 2048K, 150 young (307200K), 3 survivors (6144K)
 Metaspace       used 214859K, committed 216448K, reserved 1245184K
  class space    used 28389K, committed 29184K, reserved 1048576K
}
Event: 7981.576 GC heap after
{Heap after GC invocations=112 (full 0):
 garbage-first heap   total 714752K, used 308392K [0x0000000700000000, 0x0000000800000000)
  region size 2048K, 4 young (8192K), 4 survivors (8192K)
 Metaspace       used 214859K, committed 216448K, reserved 1245184K
  class space    used 28389K, committed 29184K, reserved 1048576K
}
Event: 7981.919 GC heap before
{Heap before GC invocations=112 (full 0):
 garbage-first heap   total 714752K, used 621736K [0x0000000700000000, 0x0000000800000000)
  region size 2048K, 158 young (323584K), 4 survivors (8192K)
 Metaspace       used 214954K, committed 216512K, reserved 1245184K
  class space    used 28396K, committed 29184K, reserved 1048576K
}
Event: 7981.983 GC heap after
{Heap after GC invocations=113 (full 0):
 garbage-first heap   total 714752K, used 301946K [0x0000000700000000, 0x0000000800000000)
  region size 2048K, 5 young (10240K), 5 survivors (10240K)
 Metaspace       used 214954K, committed 216512K, reserved 1245184K
  class space    used 28396K, committed 29184K, reserved 1048576K
}
Event: 7982.540 GC heap before
{Heap before GC invocations=113 (full 0):
 garbage-first heap   total 714752K, used 631674K [0x0000000700000000, 0x0000000800000000)
  region size 2048K, 167 young (342016K), 5 survivors (10240K)
 Metaspace       used 215103K, committed 216640K, reserved 1245184K
  class space    used 28398K, committed 29184K, reserved 1048576K
}
Event: 7983.466 GC heap after
{Heap after GC invocations=114 (full 0):
 garbage-first heap   total 714752K, used 303227K [0x0000000700000000, 0x0000000800000000)
  region size 2048K, 7 young (14336K), 7 survivors (14336K)
 Metaspace       used 215103K, committed 216640K, reserved 1245184K
  class space    used 28398K, committed 29184K, reserved 1048576K
}
Event: 7983.612 GC heap before
{Heap before GC invocations=114 (full 0):
 garbage-first heap   total 714752K, used 323707K [0x0000000700000000, 0x0000000800000000)
  region size 2048K, 17 young (34816K), 7 survivors (14336K)
 Metaspace       used 215103K, committed 216640K, reserved 1245184K
  class space    used 28398K, committed 29184K, reserved 1048576K
}

