# JRE version: OpenJDK Runtime Environment (21.0.7) (build 21.0.7+-13880790-b1038.58)
# Java VM: OpenJDK 64-Bit Server VM (21.0.7+-13880790-b1038.58, mixed mode, tiered, compressed oops, compressed class ptrs, g1 gc, windows-amd64)
GC Precious Log:
 CardTable entry size: 512
 Card Set container configuration: InlinePtr #cards 4 size 8 Array Of Cards #cards 16 size 48 Howl #buckets 8 coarsen threshold 3686 Howl Bitmap #cards 512 size 80 coarsen threshold 460 Card regions per heap region 1 cards per card region 4096
 CPUs: 16 total, 16 available
 Memory: 7540M
 Large Page Support: Disabled
 NUMA Support: Disabled
 Compressed Oops: Enabled (Zero based)
 Heap Region Size: 2M
 Heap Min Capacity: 8M
 Heap Initial Capacity: 118M
 Heap Max Capacity: 4G
 Pre-touch: Disabled
 Parallel Workers: 13
 Concurrent Workers: 3
 Concurrent Refinement Workers: 13
 Periodic GC: Disabled
Heap:
 garbage-first heap   total 268288K, used 230288K [0x0000000700000000, 0x0000000800000000)
  region size 2048K, 46 young (94208K), 3 survivors (6144K)
 Metaspace       used 122849K, committed 125184K, reserved 1179648K
  class space    used 17005K, committed 18176K, reserved 1048576K
GC Heap History (20 events):
Event: 31.984 GC heap before
{Heap before GC invocations=41 (full 0):
 garbage-first heap   total 178176K, used 160338K [0x0000000700000000, 0x0000000800000000)
  region size 2048K, 29 young (59392K), 3 survivors (6144K)
 Metaspace       used 112838K, committed 115008K, reserved 1179648K
  class space    used 15647K, committed 16704K, reserved 1048576K
}
Event: 31.991 GC heap after
{Heap after GC invocations=42 (full 0):
 garbage-first heap   total 178176K, used 108977K [0x0000000700000000, 0x0000000800000000)
  region size 2048K, 3 young (6144K), 3 survivors (6144K)
 Metaspace       used 112838K, committed 115008K, reserved 1179648K
  class space    used 15647K, committed 16704K, reserved 1048576K
}
Event: 32.468 GC heap before
{Heap before GC invocations=42 (full 0):
 garbage-first heap   total 178176K, used 160177K [0x0000000700000000, 0x0000000800000000)
  region size 2048K, 28 young (57344K), 3 survivors (6144K)
 Metaspace       used 114197K, committed 116352K, reserved 1179648K
  class space    used 15833K, committed 16896K, reserved 1048576K
}
Event: 32.475 GC heap after
{Heap after GC invocations=43 (full 0):
 garbage-first heap   total 178176K, used 114572K [0x0000000700000000, 0x0000000800000000)
  region size 2048K, 4 young (8192K), 4 survivors (8192K)
 Metaspace       used 114197K, committed 116352K, reserved 1179648K
  class space    used 15833K, committed 16896K, reserved 1048576K
}
Event: 32.968 GC heap before
{Heap before GC invocations=44 (full 0):
 garbage-first heap   total 192512K, used 157580K [0x0000000700000000, 0x0000000800000000)
  region size 2048K, 25 young (51200K), 4 survivors (8192K)
 Metaspace       used 115478K, committed 117632K, reserved 1179648K
  class space    used 16040K, committed 17088K, reserved 1048576K
}
Event: 32.976 GC heap after
{Heap after GC invocations=45 (full 0):
 garbage-first heap   total 192512K, used 121596K [0x0000000700000000, 0x0000000800000000)
  region size 2048K, 4 young (8192K), 4 survivors (8192K)
 Metaspace       used 115478K, committed 117632K, reserved 1179648K
  class space    used 16040K, committed 17088K, reserved 1048576K
}
Event: 33.968 GC heap before
{Heap before GC invocations=45 (full 0):
 garbage-first heap   total 192512K, used 168700K [0x0000000700000000, 0x0000000800000000)
  region size 2048K, 27 young (55296K), 4 survivors (8192K)
 Metaspace       used 116646K, committed 118848K, reserved 1179648K
  class space    used 16175K, committed 17280K, reserved 1048576K
}
Event: 33.978 GC heap after
{Heap after GC invocations=46 (full 0):
 garbage-first heap   total 192512K, used 129125K [0x0000000700000000, 0x0000000800000000)
  region size 2048K, 4 young (8192K), 4 survivors (8192K)
 Metaspace       used 116646K, committed 118848K, reserved 1179648K
  class space    used 16175K, committed 17280K, reserved 1048576K
}
Event: 34.159 GC heap before
{Heap before GC invocations=46 (full 0):
 garbage-first heap   total 192512K, used 170085K [0x0000000700000000, 0x0000000800000000)
  region size 2048K, 24 young (49152K), 4 survivors (8192K)
 Metaspace       used 116649K, committed 118848K, reserved 1179648K
  class space    used 16175K, committed 17280K, reserved 1048576K
}
Event: 34.165 GC heap after
{Heap after GC invocations=47 (full 0):
 garbage-first heap   total 192512K, used 132303K [0x0000000700000000, 0x0000000800000000)
  region size 2048K, 2 young (4096K), 2 survivors (4096K)
 Metaspace       used 116649K, committed 118848K, reserved 1179648K
  class space    used 16175K, committed 17280K, reserved 1048576K
}
Event: 34.449 GC heap before
{Heap before GC invocations=48 (full 0):
 garbage-first heap   total 223232K, used 175311K [0x0000000700000000, 0x0000000800000000)
  region size 2048K, 23 young (47104K), 2 survivors (4096K)
 Metaspace       used 116946K, committed 119168K, reserved 1179648K
  class space    used 16242K, committed 17344K, reserved 1048576K
}
Event: 34.453 GC heap after
{Heap after GC invocations=49 (full 0):
 garbage-first heap   total 223232K, used 133871K [0x0000000700000000, 0x0000000800000000)
  region size 2048K, 3 young (6144K), 3 survivors (6144K)
 Metaspace       used 116946K, committed 119168K, reserved 1179648K
  class space    used 16242K, committed 17344K, reserved 1048576K
}
Event: 34.945 GC heap before
{Heap before GC invocations=49 (full 0):
 garbage-first heap   total 223232K, used 199407K [0x0000000700000000, 0x0000000800000000)
  region size 2048K, 36 young (73728K), 3 survivors (6144K)
 Metaspace       used 117278K, committed 119488K, reserved 1179648K
  class space    used 16288K, committed 17344K, reserved 1048576K
}
Event: 34.950 GC heap after
{Heap after GC invocations=50 (full 0):
 garbage-first heap   total 223232K, used 135290K [0x0000000700000000, 0x0000000800000000)
  region size 2048K, 4 young (8192K), 4 survivors (8192K)
 Metaspace       used 117278K, committed 119488K, reserved 1179648K
  class space    used 16288K, committed 17344K, reserved 1048576K
}
Event: 35.520 GC heap before
{Heap before GC invocations=50 (full 0):
 garbage-first heap   total 223232K, used 198778K [0x0000000700000000, 0x0000000800000000)
  region size 2048K, 36 young (73728K), 4 survivors (8192K)
 Metaspace       used 117525K, committed 119744K, reserved 1179648K
  class space    used 16318K, committed 17408K, reserved 1048576K
}
Event: 35.529 GC heap after
{Heap after GC invocations=51 (full 0):
 garbage-first heap   total 268288K, used 137847K [0x0000000700000000, 0x0000000800000000)
  region size 2048K, 5 young (10240K), 5 survivors (10240K)
 Metaspace       used 117525K, committed 119744K, reserved 1179648K
  class space    used 16318K, committed 17408K, reserved 1048576K
}
Event: 37.002 GC heap before
{Heap before GC invocations=51 (full 0):
 garbage-first heap   total 268288K, used 238199K [0x0000000700000000, 0x0000000800000000)
  region size 2048K, 55 young (112640K), 5 survivors (10240K)
 Metaspace       used 121458K, committed 123712K, reserved 1179648K
  class space    used 16790K, committed 17920K, reserved 1048576K
}
Event: 37.011 GC heap after
{Heap after GC invocations=52 (full 0):
 garbage-first heap   total 268288K, used 143222K [0x0000000700000000, 0x0000000800000000)
  region size 2048K, 6 young (12288K), 6 survivors (12288K)
 Metaspace       used 121458K, committed 123712K, reserved 1179648K
  class space    used 16790K, committed 17920K, reserved 1048576K
}
Event: 37.370 GC heap before
{Heap before GC invocations=53 (full 0):
 garbage-first heap   total 268288K, used 235382K [0x0000000700000000, 0x0000000800000000)
  region size 2048K, 52 young (106496K), 6 survivors (12288K)
 Metaspace       used 121791K, committed 124032K, reserved 1179648K
  class space    used 16840K, committed 17920K, reserved 1048576K
}
Event: 37.380 GC heap after
{Heap after GC invocations=54 (full 0):
 garbage-first heap   total 268288K, used 146320K [0x0000000700000000, 0x0000000800000000)
  region size 2048K, 3 young (6144K), 3 survivors (6144K)
 Metaspace       used 121791K, committed 124032K, reserved 1179648K
  class space    used 16840K, committed 17920K, reserved 1048576K
}

