# JRE version: OpenJDK Runtime Environment (21.0.7) (build 21.0.7+-13880790-b1038.58)
# Java VM: OpenJDK 64-Bit Server VM (21.0.7+-13880790-b1038.58, mixed mode, tiered, compressed oops, compressed class ptrs, g1 gc, windows-amd64)
GC Precious Log:
 CardTable entry size: 512
 Card Set container configuration: InlinePtr #cards 4 size 8 Array Of Cards #cards 16 size 48 Howl #buckets 8 coarsen threshold 3686 Howl Bitmap #cards 512 size 80 coarsen threshold 460 Card regions per heap region 1 cards per card region 4096
 CPUs: 16 total, 16 available
 Memory: 7540M
 Large Page Support: Disabled
 NUMA Support: Disabled
 Compressed Oops: Enabled (Zero based)
 Heap Region Size: 2M
 Heap Min Capacity: 8M
 Heap Initial Capacity: 118M
 Heap Max Capacity: 4G
 Pre-touch: Disabled
 Parallel Workers: 13
 Concurrent Workers: 3
 Concurrent Refinement Workers: 13
 Periodic GC: Disabled
Heap:
 garbage-first heap   total 577536K, used 388320K [0x0000000700000000, 0x0000000800000000)
  region size 2048K, 2 young (4096K), 2 survivors (4096K)
 Metaspace       used 150597K, committed 152960K, reserved 1245184K
  class space    used 21177K, committed 22336K, reserved 1048576K
GC Heap History (20 events):
Event: 33.749 GC heap after
{Heap after GC invocations=71 (full 0):
 garbage-first heap   total 311296K, used 171388K [0x0000000700000000, 0x0000000800000000)
  region size 2048K, 3 young (6144K), 3 survivors (6144K)
 Metaspace       used 143086K, committed 145408K, reserved 1179648K
  class space    used 20442K, committed 21568K, reserved 1048576K
}
Event: 34.118 GC heap before
{Heap before GC invocations=71 (full 0):
 garbage-first heap   total 311296K, used 284028K [0x0000000700000000, 0x0000000800000000)
  region size 2048K, 58 young (118784K), 3 survivors (6144K)
 Metaspace       used 143664K, committed 145984K, reserved 1179648K
  class space    used 20512K, committed 21632K, reserved 1048576K
}
Event: 34.127 GC heap after
{Heap after GC invocations=72 (full 0):
 garbage-first heap   total 374784K, used 169820K [0x0000000700000000, 0x0000000800000000)
  region size 2048K, 4 young (8192K), 4 survivors (8192K)
 Metaspace       used 143664K, committed 145984K, reserved 1179648K
  class space    used 20512K, committed 21632K, reserved 1048576K
}
Event: 34.689 GC heap before
{Heap before GC invocations=72 (full 0):
 garbage-first heap   total 374784K, used 341852K [0x0000000700000000, 0x0000000800000000)
  region size 2048K, 89 young (182272K), 4 survivors (8192K)
 Metaspace       used 144176K, committed 146496K, reserved 1179648K
  class space    used 20560K, committed 21696K, reserved 1048576K
}
Event: 34.695 GC heap after
{Heap after GC invocations=73 (full 0):
 garbage-first heap   total 374784K, used 171902K [0x0000000700000000, 0x0000000800000000)
  region size 2048K, 5 young (10240K), 5 survivors (10240K)
 Metaspace       used 144176K, committed 146496K, reserved 1179648K
  class space    used 20560K, committed 21696K, reserved 1048576K
}
Event: 35.303 GC heap before
{Heap before GC invocations=73 (full 0):
 garbage-first heap   total 374784K, used 341886K [0x0000000700000000, 0x0000000800000000)
  region size 2048K, 88 young (180224K), 5 survivors (10240K)
 Metaspace       used 144788K, committed 147136K, reserved 1179648K
  class space    used 20655K, committed 21824K, reserved 1048576K
}
Event: 35.310 GC heap after
{Heap after GC invocations=74 (full 0):
 garbage-first heap   total 374784K, used 173938K [0x0000000700000000, 0x0000000800000000)
  region size 2048K, 6 young (12288K), 6 survivors (12288K)
 Metaspace       used 144788K, committed 147136K, reserved 1179648K
  class space    used 20655K, committed 21824K, reserved 1048576K
}
Event: 36.297 GC heap before
{Heap before GC invocations=74 (full 0):
 garbage-first heap   total 374784K, used 339826K [0x0000000700000000, 0x0000000800000000)
  region size 2048K, 87 young (178176K), 6 survivors (12288K)
 Metaspace       used 144821K, committed 147136K, reserved 1179648K
  class space    used 20655K, committed 21824K, reserved 1048576K
}
Event: 36.306 GC heap after
{Heap after GC invocations=75 (full 0):
 garbage-first heap   total 374784K, used 172436K [0x0000000700000000, 0x0000000800000000)
  region size 2048K, 5 young (10240K), 5 survivors (10240K)
 Metaspace       used 144821K, committed 147136K, reserved 1179648K
  class space    used 20655K, committed 21824K, reserved 1048576K
}
Event: 38.058 GC heap before
{Heap before GC invocations=76 (full 0):
 garbage-first heap   total 374784K, used 371092K [0x0000000700000000, 0x0000000800000000)
  region size 2048K, 77 young (157696K), 5 survivors (10240K)
 Metaspace       used 145439K, committed 147776K, reserved 1179648K
  class space    used 20721K, committed 21888K, reserved 1048576K
}
Event: 38.071 GC heap after
{Heap after GC invocations=77 (full 0):
 garbage-first heap   total 397312K, used 237263K [0x0000000700000000, 0x0000000800000000)
  region size 2048K, 11 young (22528K), 11 survivors (22528K)
 Metaspace       used 145439K, committed 147776K, reserved 1179648K
  class space    used 20721K, committed 21888K, reserved 1048576K
}
Event: 38.322 GC heap before
{Heap before GC invocations=77 (full 0):
 garbage-first heap   total 397312K, used 392911K [0x0000000700000000, 0x0000000800000000)
  region size 2048K, 36 young (73728K), 11 survivors (22528K)
 Metaspace       used 145987K, committed 148288K, reserved 1179648K
  class space    used 20814K, committed 21952K, reserved 1048576K
}
Event: 38.340 GC heap after
{Heap after GC invocations=78 (full 0):
 garbage-first heap   total 440320K, used 340880K [0x0000000700000000, 0x0000000800000000)
  region size 2048K, 9 young (18432K), 9 survivors (18432K)
 Metaspace       used 145987K, committed 148288K, reserved 1179648K
  class space    used 20814K, committed 21952K, reserved 1048576K
}
Event: 38.370 GC heap before
{Heap before GC invocations=78 (full 0):
 garbage-first heap   total 440320K, used 351120K [0x0000000700000000, 0x0000000800000000)
  region size 2048K, 16 young (32768K), 9 survivors (18432K)
 Metaspace       used 146018K, committed 148288K, reserved 1179648K
  class space    used 20818K, committed 21952K, reserved 1048576K
}
Event: 38.376 GC heap after
{Heap after GC invocations=79 (full 0):
 garbage-first heap   total 440320K, used 303671K [0x0000000700000000, 0x0000000800000000)
  region size 2048K, 3 young (6144K), 3 survivors (6144K)
 Metaspace       used 146018K, committed 148288K, reserved 1179648K
  class space    used 20818K, committed 21952K, reserved 1048576K
}
Event: 38.716 GC heap before
{Heap before GC invocations=80 (full 0):
 garbage-first heap   total 577536K, used 440887K [0x0000000700000000, 0x0000000800000000)
  region size 2048K, 51 young (104448K), 3 survivors (6144K)
 Metaspace       used 149463K, committed 151744K, reserved 1179648K
  class space    used 21047K, committed 22208K, reserved 1048576K
}
Event: 38.733 GC heap after
{Heap after GC invocations=81 (full 0):
 garbage-first heap   total 577536K, used 342866K [0x0000000700000000, 0x0000000800000000)
  region size 2048K, 7 young (14336K), 7 survivors (14336K)
 Metaspace       used 149463K, committed 151744K, reserved 1179648K
  class space    used 21047K, committed 22208K, reserved 1048576K
}
Event: 39.273 GC heap before
{Heap before GC invocations=81 (full 0):
 garbage-first heap   total 577536K, used 512850K [0x0000000700000000, 0x0000000800000000)
  region size 2048K, 87 young (178176K), 7 survivors (14336K)
 Metaspace       used 150597K, committed 152960K, reserved 1245184K
  class space    used 21177K, committed 22336K, reserved 1048576K
}
Event: 39.425 GC heap after
{Heap after GC invocations=82 (full 0):
 garbage-first heap   total 577536K, used 382207K [0x0000000700000000, 0x0000000800000000)
  region size 2048K, 11 young (22528K), 11 survivors (22528K)
 Metaspace       used 150597K, committed 152960K, reserved 1245184K
  class space    used 21177K, committed 22336K, reserved 1048576K
}
Event: 39.438 GC heap before
{Heap before GC invocations=82 (full 0):
 garbage-first heap   total 577536K, used 386303K [0x0000000700000000, 0x0000000800000000)
  region size 2048K, 14 young (28672K), 11 survivors (22528K)
 Metaspace       used 150597K, committed 152960K, reserved 1245184K
  class space    used 21177K, committed 22336K, reserved 1048576K
}

