# JRE version: OpenJDK Runtime Environment (21.0.7) (build 21.0.7+-13880790-b1038.58)
# Java VM: OpenJDK 64-Bit Server VM (21.0.7+-13880790-b1038.58, mixed mode, tiered, compressed oops, compressed class ptrs, g1 gc, windows-amd64)
GC Precious Log:
 CardTable entry size: 512
 Card Set container configuration: InlinePtr #cards 4 size 8 Array Of Cards #cards 16 size 48 Howl #buckets 8 coarsen threshold 3686 Howl Bitmap #cards 512 size 80 coarsen threshold 460 Card regions per heap region 1 cards per card region 4096
 CPUs: 16 total, 16 available
 Memory: 7540M
 Large Page Support: Disabled
 NUMA Support: Disabled
 Compressed Oops: Enabled (Zero based)
 Heap Region Size: 2M
 Heap Min Capacity: 8M
 Heap Initial Capacity: 118M
 Heap Max Capacity: 4G
 Pre-touch: Disabled
 Parallel Workers: 13
 Concurrent Workers: 3
 Concurrent Refinement Workers: 13
 Periodic GC: Disabled
Heap:
 garbage-first heap   total 380928K, used 291088K [0x0000000700000000, 0x0000000800000000)
  region size 2048K, 52 young (106496K), 3 survivors (6144K)
 Metaspace       used 138747K, committed 141120K, reserved 1179648K
  class space    used 19645K, committed 20800K, reserved 1048576K
GC Heap History (20 events):
Event: 33.839 GC heap before
{Heap before GC invocations=43 (full 0):
 garbage-first heap   total 188416K, used 169679K [0x0000000700000000, 0x0000000800000000)
  region size 2048K, 29 young (59392K), 3 survivors (6144K)
 Metaspace       used 115953K, committed 118208K, reserved 1179648K
  class space    used 16128K, committed 17216K, reserved 1048576K
}
Event: 33.849 GC heap after
{Heap after GC invocations=44 (full 0):
 garbage-first heap   total 188416K, used 122314K [0x0000000700000000, 0x0000000800000000)
  region size 2048K, 4 young (8192K), 4 survivors (8192K)
 Metaspace       used 115953K, committed 118208K, reserved 1179648K
  class space    used 16128K, committed 17216K, reserved 1048576K
}
Event: 34.629 GC heap before
{Heap before GC invocations=44 (full 0):
 garbage-first heap   total 188416K, used 165322K [0x0000000700000000, 0x0000000800000000)
  region size 2048K, 25 young (51200K), 4 survivors (8192K)
 Metaspace       used 116673K, committed 118912K, reserved 1179648K
  class space    used 16186K, committed 17280K, reserved 1048576K
}
Event: 34.638 GC heap after
{Heap after GC invocations=45 (full 0):
 garbage-first heap   total 188416K, used 130884K [0x0000000700000000, 0x0000000800000000)
  region size 2048K, 4 young (8192K), 4 survivors (8192K)
 Metaspace       used 116673K, committed 118912K, reserved 1179648K
  class space    used 16186K, committed 17280K, reserved 1048576K
}
Event: 34.795 GC heap before
{Heap before GC invocations=46 (full 0):
 garbage-first heap   total 219136K, used 165700K [0x0000000700000000, 0x0000000800000000)
  region size 2048K, 22 young (45056K), 4 survivors (8192K)
 Metaspace       used 116679K, committed 118912K, reserved 1179648K
  class space    used 16187K, committed 17280K, reserved 1048576K
}
Event: 34.801 GC heap after
{Heap after GC invocations=47 (full 0):
 garbage-first heap   total 219136K, used 133135K [0x0000000700000000, 0x0000000800000000)
  region size 2048K, 2 young (4096K), 2 survivors (4096K)
 Metaspace       used 116679K, committed 118912K, reserved 1179648K
  class space    used 16187K, committed 17280K, reserved 1048576K
}
Event: 35.255 GC heap before
{Heap before GC invocations=47 (full 0):
 garbage-first heap   total 219136K, used 194575K [0x0000000700000000, 0x0000000800000000)
  region size 2048K, 33 young (67584K), 2 survivors (4096K)
 Metaspace       used 117207K, committed 119488K, reserved 1179648K
  class space    used 16288K, committed 17408K, reserved 1048576K
}
Event: 35.262 GC heap after
{Heap after GC invocations=48 (full 0):
 garbage-first heap   total 380928K, used 133651K [0x0000000700000000, 0x0000000800000000)
  region size 2048K, 3 young (6144K), 3 survivors (6144K)
 Metaspace       used 117207K, committed 119488K, reserved 1179648K
  class space    used 16288K, committed 17408K, reserved 1048576K
}
Event: 36.711 GC heap before
{Heap before GC invocations=48 (full 0):
 garbage-first heap   total 380928K, used 342547K [0x0000000700000000, 0x0000000800000000)
  region size 2048K, 106 young (217088K), 3 survivors (6144K)
 Metaspace       used 117934K, committed 120128K, reserved 1179648K
  class space    used 16360K, committed 17472K, reserved 1048576K
}
Event: 36.720 GC heap after
{Heap after GC invocations=49 (full 0):
 garbage-first heap   total 380928K, used 142005K [0x0000000700000000, 0x0000000800000000)
  region size 2048K, 8 young (16384K), 8 survivors (16384K)
 Metaspace       used 117934K, committed 120128K, reserved 1179648K
  class space    used 16360K, committed 17472K, reserved 1048576K
}
Event: 37.250 GC heap before
{Heap before GC invocations=49 (full 0):
 garbage-first heap   total 380928K, used 334517K [0x0000000700000000, 0x0000000800000000)
  region size 2048K, 103 young (210944K), 8 survivors (16384K)
 Metaspace       used 118024K, committed 120320K, reserved 1179648K
  class space    used 16364K, committed 17472K, reserved 1048576K
}
Event: 37.260 GC heap after
{Heap after GC invocations=50 (full 0):
 garbage-first heap   total 380928K, used 147506K [0x0000000700000000, 0x0000000800000000)
  region size 2048K, 10 young (20480K), 10 survivors (20480K)
 Metaspace       used 118024K, committed 120320K, reserved 1179648K
  class space    used 16364K, committed 17472K, reserved 1048576K
}
Event: 37.999 GC heap before
{Heap before GC invocations=50 (full 0):
 garbage-first heap   total 380928K, used 335922K [0x0000000700000000, 0x0000000800000000)
  region size 2048K, 103 young (210944K), 10 survivors (20480K)
 Metaspace       used 120651K, committed 122944K, reserved 1179648K
  class space    used 16653K, committed 17792K, reserved 1048576K
}
Event: 38.012 GC heap after
{Heap after GC invocations=51 (full 0):
 garbage-first heap   total 380928K, used 156488K [0x0000000700000000, 0x0000000800000000)
  region size 2048K, 9 young (18432K), 9 survivors (18432K)
 Metaspace       used 120651K, committed 122944K, reserved 1179648K
  class space    used 16653K, committed 17792K, reserved 1048576K
}
Event: 39.136 GC heap before
{Heap before GC invocations=51 (full 0):
 garbage-first heap   total 380928K, used 338760K [0x0000000700000000, 0x0000000800000000)
  region size 2048K, 99 young (202752K), 9 survivors (18432K)
 Metaspace       used 128582K, committed 130816K, reserved 1179648K
  class space    used 17928K, committed 19008K, reserved 1048576K
}
Event: 39.153 GC heap after
{Heap after GC invocations=52 (full 0):
 garbage-first heap   total 380928K, used 172958K [0x0000000700000000, 0x0000000800000000)
  region size 2048K, 13 young (26624K), 13 survivors (26624K)
 Metaspace       used 128582K, committed 130816K, reserved 1179648K
  class space    used 17928K, committed 19008K, reserved 1048576K
}
Event: 40.955 GC heap before
{Heap before GC invocations=53 (full 0):
 garbage-first heap   total 380928K, used 332702K [0x0000000700000000, 0x0000000800000000)
  region size 2048K, 91 young (186368K), 13 survivors (26624K)
 Metaspace       used 137598K, committed 139904K, reserved 1179648K
  class space    used 19578K, committed 20672K, reserved 1048576K
}
Event: 40.976 GC heap after
{Heap after GC invocations=54 (full 0):
 garbage-first heap   total 380928K, used 191482K [0x0000000700000000, 0x0000000800000000)
  region size 2048K, 9 young (18432K), 9 survivors (18432K)
 Metaspace       used 137598K, committed 139904K, reserved 1179648K
  class space    used 19578K, committed 20672K, reserved 1048576K
}
Event: 41.299 GC heap before
{Heap before GC invocations=54 (full 0):
 garbage-first heap   total 380928K, used 338938K [0x0000000700000000, 0x0000000800000000)
  region size 2048K, 82 young (167936K), 9 survivors (18432K)
 Metaspace       used 138483K, committed 140864K, reserved 1179648K
  class space    used 19643K, committed 20800K, reserved 1048576K
}
Event: 41.311 GC heap after
{Heap after GC invocations=55 (full 0):
 garbage-first heap   total 380928K, used 192784K [0x0000000700000000, 0x0000000800000000)
  region size 2048K, 3 young (6144K), 3 survivors (6144K)
 Metaspace       used 138483K, committed 140864K, reserved 1179648K
  class space    used 19643K, committed 20800K, reserved 1048576K
}

