# JRE version: OpenJDK Runtime Environment (21.0.7) (build 21.0.7+-13880790-b1038.58)
# Java VM: OpenJDK 64-Bit Server VM (21.0.7+-13880790-b1038.58, mixed mode, tiered, compressed oops, compressed class ptrs, g1 gc, windows-amd64)
GC Precious Log:
 CardTable entry size: 512
 Card Set container configuration: InlinePtr #cards 4 size 8 Array Of Cards #cards 16 size 48 Howl #buckets 8 coarsen threshold 3686 Howl Bitmap #cards 512 size 80 coarsen threshold 460 Card regions per heap region 1 cards per card region 4096
 CPUs: 16 total, 16 available
 Memory: 7540M
 Large Page Support: Disabled
 NUMA Support: Disabled
 Compressed Oops: Enabled (Zero based)
 Heap Region Size: 2M
 Heap Min Capacity: 8M
 Heap Initial Capacity: 118M
 Heap Max Capacity: 4G
 Pre-touch: Disabled
 Parallel Workers: 13
 Concurrent Workers: 3
 Concurrent Refinement Workers: 13
 Periodic GC: Disabled
Heap:
 garbage-first heap   total 616448K, used 264496K [0x0000000700000000, 0x0000000800000000)
  region size 2048K, 14 young (28672K), 14 survivors (28672K)
 Metaspace       used 247869K, committed 249472K, reserved 1310720K
  class space    used 32636K, committed 33408K, reserved 1048576K
GC Heap History (20 events):
Event: 10984.174 GC heap after
{Heap after GC invocations=113 (full 1):
 garbage-first heap   total 610304K, used 297816K [0x0000000700000000, 0x0000000800000000)
  region size 2048K, 18 young (36864K), 18 survivors (36864K)
 Metaspace       used 228754K, committed 230400K, reserved 1310720K
  class space    used 30312K, committed 31104K, reserved 1048576K
}
Event: 10984.521 GC heap before
{Heap before GC invocations=113 (full 1):
 garbage-first heap   total 610304K, used 306008K [0x0000000700000000, 0x0000000800000000)
  region size 2048K, 22 young (45056K), 18 survivors (36864K)
 Metaspace       used 228786K, committed 230400K, reserved 1310720K
  class space    used 30312K, committed 31104K, reserved 1048576K
}
Event: 10984.581 GC heap after
{Heap after GC invocations=114 (full 1):
 garbage-first heap   total 610304K, used 280146K [0x0000000700000000, 0x0000000800000000)
  region size 2048K, 3 young (6144K), 3 survivors (6144K)
 Metaspace       used 228786K, committed 230400K, reserved 1310720K
  class space    used 30312K, committed 31104K, reserved 1048576K
}
Event: 10996.131 GC heap before
{Heap before GC invocations=115 (full 1):
 garbage-first heap   total 610304K, used 550482K [0x0000000700000000, 0x0000000800000000)
  region size 2048K, 134 young (274432K), 3 survivors (6144K)
 Metaspace       used 229418K, committed 231040K, reserved 1310720K
  class space    used 30404K, committed 31168K, reserved 1048576K
}
Event: 10996.146 GC heap after
{Heap after GC invocations=116 (full 1):
 garbage-first heap   total 610304K, used 282885K [0x0000000700000000, 0x0000000800000000)
  region size 2048K, 4 young (8192K), 4 survivors (8192K)
 Metaspace       used 229418K, committed 231040K, reserved 1310720K
  class space    used 30404K, committed 31168K, reserved 1048576K
}
Event: 10996.666 GC heap before
{Heap before GC invocations=116 (full 1):
 garbage-first heap   total 610304K, used 557317K [0x0000000700000000, 0x0000000800000000)
  region size 2048K, 138 young (282624K), 4 survivors (8192K)
 Metaspace       used 229429K, committed 231040K, reserved 1310720K
  class space    used 30404K, committed 31168K, reserved 1048576K
}
Event: 10996.711 GC heap after
{Heap after GC invocations=117 (full 1):
 garbage-first heap   total 610304K, used 260932K [0x0000000700000000, 0x0000000800000000)
  region size 2048K, 16 young (32768K), 16 survivors (32768K)
 Metaspace       used 229429K, committed 231040K, reserved 1310720K
  class space    used 30404K, committed 31168K, reserved 1048576K
}
Event: 10996.912 GC heap before
{Heap before GC invocations=117 (full 1):
 garbage-first heap   total 610304K, used 539460K [0x0000000700000000, 0x0000000800000000)
  region size 2048K, 152 young (311296K), 16 survivors (32768K)
 Metaspace       used 229448K, committed 231040K, reserved 1310720K
  class space    used 30404K, committed 31168K, reserved 1048576K
}
Event: 10997.118 GC heap after
{Heap after GC invocations=118 (full 1):
 garbage-first heap   total 610304K, used 252634K [0x0000000700000000, 0x0000000800000000)
  region size 2048K, 3 young (6144K), 3 survivors (6144K)
 Metaspace       used 229448K, committed 231040K, reserved 1310720K
  class space    used 30404K, committed 31168K, reserved 1048576K
}
Event: 10997.350 GC heap before
{Heap before GC invocations=118 (full 1):
 garbage-first heap   total 610304K, used 553690K [0x0000000700000000, 0x0000000800000000)
  region size 2048K, 150 young (307200K), 3 survivors (6144K)
 Metaspace       used 229457K, committed 231040K, reserved 1310720K
  class space    used 30404K, committed 31168K, reserved 1048576K
}
Event: 10997.361 GC heap after
{Heap after GC invocations=119 (full 1):
 garbage-first heap   total 610304K, used 253251K [0x0000000700000000, 0x0000000800000000)
  region size 2048K, 4 young (8192K), 4 survivors (8192K)
 Metaspace       used 229457K, committed 231040K, reserved 1310720K
  class space    used 30404K, committed 31168K, reserved 1048576K
}
Event: 10997.929 GC heap before
{Heap before GC invocations=119 (full 1):
 garbage-first heap   total 610304K, used 558403K [0x0000000700000000, 0x0000000800000000)
  region size 2048K, 154 young (315392K), 4 survivors (8192K)
 Metaspace       used 228626K, committed 230336K, reserved 1310720K
  class space    used 30318K, committed 31168K, reserved 1048576K
}
Event: 10997.940 GC heap after
{Heap after GC invocations=120 (full 1):
 garbage-first heap   total 610304K, used 258026K [0x0000000700000000, 0x0000000800000000)
  region size 2048K, 6 young (12288K), 6 survivors (12288K)
 Metaspace       used 228626K, committed 230336K, reserved 1310720K
  class space    used 30318K, committed 31168K, reserved 1048576K
}
Event: 10998.324 GC heap before
{Heap before GC invocations=121 (full 1):
 garbage-first heap   total 610304K, used 557034K [0x0000000700000000, 0x0000000800000000)
  region size 2048K, 153 young (313344K), 6 survivors (12288K)
 Metaspace       used 228641K, committed 230336K, reserved 1310720K
  class space    used 30318K, committed 31168K, reserved 1048576K
}
Event: 10998.332 GC heap after
{Heap after GC invocations=122 (full 1):
 garbage-first heap   total 610304K, used 258984K [0x0000000700000000, 0x0000000800000000)
  region size 2048K, 6 young (12288K), 6 survivors (12288K)
 Metaspace       used 228641K, committed 230336K, reserved 1310720K
  class space    used 30318K, committed 31168K, reserved 1048576K
}
Event: 11611.166 GC heap before
{Heap before GC invocations=122 (full 1):
 garbage-first heap   total 610304K, used 596904K [0x0000000700000000, 0x0000000800000000)
  region size 2048K, 153 young (313344K), 6 survivors (12288K)
 Metaspace       used 228869K, committed 230464K, reserved 1310720K
  class space    used 30350K, committed 31168K, reserved 1048576K
}
Event: 11611.452 GC heap after
{Heap after GC invocations=123 (full 1):
 garbage-first heap   total 616448K, used 242923K [0x0000000700000000, 0x0000000800000000)
  region size 2048K, 5 young (10240K), 5 survivors (10240K)
 Metaspace       used 228869K, committed 230464K, reserved 1310720K
  class space    used 30350K, committed 31168K, reserved 1048576K
}
Event: 11635.545 GC heap before
{Heap before GC invocations=123 (full 1):
 garbage-first heap   total 616448K, used 427243K [0x0000000700000000, 0x0000000800000000)
  region size 2048K, 97 young (198656K), 5 survivors (10240K)
 Metaspace       used 229016K, committed 230592K, reserved 1310720K
  class space    used 30355K, committed 31168K, reserved 1048576K
}
Event: 11635.720 GC heap after
{Heap after GC invocations=124 (full 1):
 garbage-first heap   total 616448K, used 261290K [0x0000000700000000, 0x0000000800000000)
  region size 2048K, 14 young (28672K), 14 survivors (28672K)
 Metaspace       used 229016K, committed 230592K, reserved 1310720K
  class space    used 30355K, committed 31168K, reserved 1048576K
}
Event: 11652.945 GC heap before
{Heap before GC invocations=125 (full 1):
 garbage-first heap   total 616448K, used 562346K [0x0000000700000000, 0x0000000800000000)
  region size 2048K, 155 young (317440K), 14 survivors (28672K)
 Metaspace       used 247869K, committed 249472K, reserved 1310720K
  class space    used 32636K, committed 33408K, reserved 1048576K
}

