# JRE version: OpenJDK Runtime Environment (21.0.7) (build 21.0.7+-13880790-b1038.58)
# Java VM: OpenJDK 64-Bit Server VM (21.0.7+-13880790-b1038.58, mixed mode, tiered, compressed oops, compressed class ptrs, g1 gc, windows-amd64)
GC Precious Log:
 CardTable entry size: 512
 Card Set container configuration: InlinePtr #cards 4 size 8 Array Of Cards #cards 16 size 48 Howl #buckets 8 coarsen threshold 3686 Howl Bitmap #cards 512 size 80 coarsen threshold 460 Card regions per heap region 1 cards per card region 4096
 CPUs: 16 total, 16 available
 Memory: 7540M
 Large Page Support: Disabled
 NUMA Support: Disabled
 Compressed Oops: Enabled (Zero based)
 Heap Region Size: 2M
 Heap Min Capacity: 8M
 Heap Initial Capacity: 118M
 Heap Max Capacity: 4G
 Pre-touch: Disabled
 Parallel Workers: 13
 Concurrent Workers: 3
 Concurrent Refinement Workers: 13
 Periodic GC: Disabled
Heap:
 garbage-first heap   total 520192K, used 254199K [0x0000000700000000, 0x0000000800000000)
  region size 2048K, 2 young (4096K), 2 survivors (4096K)
 Metaspace       used 196442K, committed 199104K, reserved 1245184K
  class space    used 26992K, committed 28352K, reserved 1048576K
GC Heap History (20 events):
Event: 470.321 GC heap after
{Heap after GC invocations=84 (full 0):
 garbage-first heap   total 520192K, used 249624K [0x0000000700000000, 0x0000000800000000)
  region size 2048K, 9 young (18432K), 9 survivors (18432K)
 Metaspace       used 177032K, committed 179520K, reserved 1245184K
  class space    used 24647K, committed 25856K, reserved 1048576K
}
Event: 475.526 GC heap before
{Heap before GC invocations=84 (full 0):
 garbage-first heap   total 520192K, used 448280K [0x0000000700000000, 0x0000000800000000)
  region size 2048K, 103 young (210944K), 9 survivors (18432K)
 Metaspace       used 179282K, committed 181888K, reserved 1245184K
  class space    used 24966K, committed 26240K, reserved 1048576K
}
Event: 475.619 GC heap after
{Heap after GC invocations=85 (full 0):
 garbage-first heap   total 520192K, used 243976K [0x0000000700000000, 0x0000000800000000)
  region size 2048K, 9 young (18432K), 9 survivors (18432K)
 Metaspace       used 179282K, committed 181888K, reserved 1245184K
  class space    used 24966K, committed 26240K, reserved 1048576K
}
Event: 477.134 GC heap before
{Heap before GC invocations=85 (full 0):
 garbage-first heap   total 520192K, used 258312K [0x0000000700000000, 0x0000000800000000)
  region size 2048K, 18 young (36864K), 9 survivors (18432K)
 Metaspace       used 179308K, committed 181888K, reserved 1245184K
  class space    used 24967K, committed 26240K, reserved 1048576K
}
Event: 477.171 GC heap after
{Heap after GC invocations=86 (full 0):
 garbage-first heap   total 520192K, used 244058K [0x0000000700000000, 0x0000000800000000)
  region size 2048K, 4 young (8192K), 4 survivors (8192K)
 Metaspace       used 179308K, committed 181888K, reserved 1245184K
  class space    used 24967K, committed 26240K, reserved 1048576K
}
Event: 483.797 GC heap before
{Heap before GC invocations=87 (full 0):
 garbage-first heap   total 520192K, used 448858K [0x0000000700000000, 0x0000000800000000)
  region size 2048K, 100 young (204800K), 4 survivors (8192K)
 Metaspace       used 192271K, committed 194880K, reserved 1245184K
  class space    used 26498K, committed 27776K, reserved 1048576K
}
Event: 483.827 GC heap after
{Heap after GC invocations=88 (full 0):
 garbage-first heap   total 520192K, used 274311K [0x0000000700000000, 0x0000000800000000)
  region size 2048K, 13 young (26624K), 13 survivors (26624K)
 Metaspace       used 192271K, committed 194880K, reserved 1245184K
  class space    used 26498K, committed 27776K, reserved 1048576K
}
Event: 485.867 GC heap before
{Heap before GC invocations=88 (full 0):
 garbage-first heap   total 520192K, used 452487K [0x0000000700000000, 0x0000000800000000)
  region size 2048K, 99 young (202752K), 13 survivors (26624K)
 Metaspace       used 196319K, committed 198912K, reserved 1245184K
  class space    used 27038K, committed 28288K, reserved 1048576K
}
Event: 485.908 GC heap after
{Heap after GC invocations=89 (full 0):
 garbage-first heap   total 520192K, used 253975K [0x0000000700000000, 0x0000000800000000)
  region size 2048K, 5 young (10240K), 5 survivors (10240K)
 Metaspace       used 196319K, committed 198912K, reserved 1245184K
  class space    used 27038K, committed 28288K, reserved 1048576K
}
Event: 1015.882 GC heap before
{Heap before GC invocations=89 (full 0):
 garbage-first heap   total 520192K, used 487447K [0x0000000700000000, 0x0000000800000000)
  region size 2048K, 100 young (204800K), 5 survivors (10240K)
 Metaspace       used 196629K, committed 199232K, reserved 1245184K
  class space    used 27052K, committed 28352K, reserved 1048576K
}
Event: 1019.287 GC heap after
{Heap after GC invocations=90 (full 0):
 garbage-first heap   total 520192K, used 245088K [0x0000000700000000, 0x0000000800000000)
  region size 2048K, 3 young (6144K), 3 survivors (6144K)
 Metaspace       used 196629K, committed 199232K, reserved 1245184K
  class space    used 27052K, committed 28352K, reserved 1048576K
}
Event: 1020.439 GC heap before
{Heap before GC invocations=90 (full 0):
 garbage-first heap   total 520192K, used 263520K [0x0000000700000000, 0x0000000800000000)
  region size 2048K, 12 young (24576K), 3 survivors (6144K)
 Metaspace       used 196694K, committed 199296K, reserved 1245184K
  class space    used 27052K, committed 28352K, reserved 1048576K
}
Event: 1020.486 GC heap after
{Heap after GC invocations=91 (full 0):
 garbage-first heap   total 520192K, used 245987K [0x0000000700000000, 0x0000000800000000)
  region size 2048K, 2 young (4096K), 2 survivors (4096K)
 Metaspace       used 196694K, committed 199296K, reserved 1245184K
  class space    used 27052K, committed 28352K, reserved 1048576K
}
Event: 1025.018 GC heap before
{Heap before GC invocations=91 (full 0):
 garbage-first heap   total 520192K, used 260323K [0x0000000700000000, 0x0000000800000000)
  region size 2048K, 12 young (24576K), 2 survivors (4096K)
 Metaspace       used 196177K, committed 199104K, reserved 1245184K
  class space    used 26989K, committed 28352K, reserved 1048576K
}
Event: 1025.035 GC heap after
{Heap after GC invocations=92 (full 0):
 garbage-first heap   total 520192K, used 244467K [0x0000000700000000, 0x0000000800000000)
  region size 2048K, 2 young (4096K), 2 survivors (4096K)
 Metaspace       used 196177K, committed 199104K, reserved 1245184K
  class space    used 26989K, committed 28352K, reserved 1048576K
}
Event: 1028.818 GC heap before
{Heap before GC invocations=93 (full 0):
 garbage-first heap   total 520192K, used 289523K [0x0000000700000000, 0x0000000800000000)
  region size 2048K, 24 young (49152K), 2 survivors (4096K)
 Metaspace       used 196421K, committed 199104K, reserved 1245184K
  class space    used 26991K, committed 28352K, reserved 1048576K
}
Event: 1028.843 GC heap after
{Heap after GC invocations=94 (full 0):
 garbage-first heap   total 520192K, used 251239K [0x0000000700000000, 0x0000000800000000)
  region size 2048K, 3 young (6144K), 3 survivors (6144K)
 Metaspace       used 196421K, committed 199104K, reserved 1245184K
  class space    used 26991K, committed 28352K, reserved 1048576K
}
Event: 1029.234 GC heap before
{Heap before GC invocations=94 (full 0):
 garbage-first heap   total 520192K, used 269671K [0x0000000700000000, 0x0000000800000000)
  region size 2048K, 12 young (24576K), 3 survivors (6144K)
 Metaspace       used 196422K, committed 199104K, reserved 1245184K
  class space    used 26992K, committed 28352K, reserved 1048576K
}
Event: 1029.253 GC heap after
{Heap after GC invocations=95 (full 0):
 garbage-first heap   total 520192K, used 253493K [0x0000000700000000, 0x0000000800000000)
  region size 2048K, 2 young (4096K), 2 survivors (4096K)
 Metaspace       used 196422K, committed 199104K, reserved 1245184K
  class space    used 26992K, committed 28352K, reserved 1048576K
}
Event: 1029.552 GC heap before
{Heap before GC invocations=95 (full 0):
 garbage-first heap   total 520192K, used 271925K [0x0000000700000000, 0x0000000800000000)
  region size 2048K, 12 young (24576K), 2 survivors (4096K)
 Metaspace       used 196442K, committed 199104K, reserved 1245184K
  class space    used 26992K, committed 28352K, reserved 1048576K
}

