# JRE version: OpenJDK Runtime Environment (21.0.7) (build 21.0.7+-13880790-b1038.58)
# Java VM: OpenJDK 64-Bit Server VM (21.0.7+-13880790-b1038.58, mixed mode, tiered, compressed oops, compressed class ptrs, g1 gc, windows-amd64)
GC Precious Log:
 CardTable entry size: 512
 Card Set container configuration: InlinePtr #cards 4 size 8 Array Of Cards #cards 16 size 48 Howl #buckets 8 coarsen threshold 3686 Howl Bitmap #cards 512 size 80 coarsen threshold 460 Card regions per heap region 1 cards per card region 4096
 CPUs: 16 total, 16 available
 Memory: 7540M
 Large Page Support: Disabled
 NUMA Support: Disabled
 Compressed Oops: Enabled (Zero based)
 Heap Region Size: 2M
 Heap Min Capacity: 8M
 Heap Initial Capacity: 118M
 Heap Max Capacity: 4G
 Pre-touch: Disabled
 Parallel Workers: 13
 Concurrent Workers: 3
 Concurrent Refinement Workers: 13
 Periodic GC: Disabled
Heap:
 garbage-first heap   total 290816K, used 220637K [0x0000000700000000, 0x0000000800000000)
  region size 2048K, 28 young (57344K), 4 survivors (8192K)
 Metaspace       used 132975K, committed 135424K, reserved 1179648K
  class space    used 18299K, committed 19520K, reserved 1048576K
GC Heap History (20 events):
Event: 16.652 GC heap before
{Heap before GC invocations=37 (full 0):
 garbage-first heap   total 194560K, used 170294K [0x0000000700000000, 0x0000000800000000)
  region size 2048K, 31 young (63488K), 5 survivors (10240K)
 Metaspace       used 114447K, committed 116672K, reserved 1179648K
  class space    used 15883K, committed 16960K, reserved 1048576K
}
Event: 16.663 GC heap after
{Heap after GC invocations=38 (full 0):
 garbage-first heap   total 194560K, used 122499K [0x0000000700000000, 0x0000000800000000)
  region size 2048K, 4 young (8192K), 4 survivors (8192K)
 Metaspace       used 114447K, committed 116672K, reserved 1179648K
  class space    used 15883K, committed 16960K, reserved 1048576K
}
Event: 17.652 GC heap before
{Heap before GC invocations=38 (full 0):
 garbage-first heap   total 194560K, used 171651K [0x0000000700000000, 0x0000000800000000)
  region size 2048K, 29 young (59392K), 4 survivors (8192K)
 Metaspace       used 116687K, committed 118912K, reserved 1179648K
  class space    used 16203K, committed 17280K, reserved 1048576K
}
Event: 17.663 GC heap after
{Heap after GC invocations=39 (full 0):
 garbage-first heap   total 194560K, used 131032K [0x0000000700000000, 0x0000000800000000)
  region size 2048K, 4 young (8192K), 4 survivors (8192K)
 Metaspace       used 116687K, committed 118912K, reserved 1179648K
  class space    used 16203K, committed 17280K, reserved 1048576K
}
Event: 17.957 GC heap before
{Heap before GC invocations=40 (full 0):
 garbage-first heap   total 223232K, used 171992K [0x0000000700000000, 0x0000000800000000)
  region size 2048K, 24 young (49152K), 4 survivors (8192K)
 Metaspace       used 116754K, committed 118976K, reserved 1179648K
  class space    used 16209K, committed 17280K, reserved 1048576K
}
Event: 17.965 GC heap after
{Heap after GC invocations=41 (full 0):
 garbage-first heap   total 223232K, used 134765K [0x0000000700000000, 0x0000000800000000)
  region size 2048K, 3 young (6144K), 3 survivors (6144K)
 Metaspace       used 116754K, committed 118976K, reserved 1179648K
  class space    used 16209K, committed 17280K, reserved 1048576K
}
Event: 19.102 GC heap before
{Heap before GC invocations=41 (full 0):
 garbage-first heap   total 223232K, used 198253K [0x0000000700000000, 0x0000000800000000)
  region size 2048K, 35 young (71680K), 3 survivors (6144K)
 Metaspace       used 117256K, committed 119488K, reserved 1179648K
  class space    used 16309K, committed 17408K, reserved 1048576K
}
Event: 19.109 GC heap after
{Heap after GC invocations=42 (full 0):
 garbage-first heap   total 272384K, used 136166K [0x0000000700000000, 0x0000000800000000)
  region size 2048K, 4 young (8192K), 4 survivors (8192K)
 Metaspace       used 117256K, committed 119488K, reserved 1179648K
  class space    used 16309K, committed 17408K, reserved 1048576K
}
Event: 19.670 GC heap before
{Heap before GC invocations=42 (full 0):
 garbage-first heap   total 272384K, used 238566K [0x0000000700000000, 0x0000000800000000)
  region size 2048K, 55 young (112640K), 4 survivors (8192K)
 Metaspace       used 117500K, committed 119744K, reserved 1179648K
  class space    used 16330K, committed 17408K, reserved 1048576K
}
Event: 19.677 GC heap after
{Heap after GC invocations=43 (full 0):
 garbage-first heap   total 272384K, used 140569K [0x0000000700000000, 0x0000000800000000)
  region size 2048K, 6 young (12288K), 6 survivors (12288K)
 Metaspace       used 117500K, committed 119744K, reserved 1179648K
  class space    used 16330K, committed 17408K, reserved 1048576K
}
Event: 20.683 GC heap before
{Heap before GC invocations=43 (full 0):
 garbage-first heap   total 272384K, used 240921K [0x0000000700000000, 0x0000000800000000)
  region size 2048K, 55 young (112640K), 6 survivors (12288K)
 Metaspace       used 118642K, committed 120896K, reserved 1179648K
  class space    used 16499K, committed 17600K, reserved 1048576K
}
Event: 20.692 GC heap after
{Heap after GC invocations=44 (full 0):
 garbage-first heap   total 272384K, used 144555K [0x0000000700000000, 0x0000000800000000)
  region size 2048K, 6 young (12288K), 6 survivors (12288K)
 Metaspace       used 118642K, committed 120896K, reserved 1179648K
  class space    used 16499K, committed 17600K, reserved 1048576K
}
Event: 21.204 GC heap before
{Heap before GC invocations=44 (full 0):
 garbage-first heap   total 272384K, used 238763K [0x0000000700000000, 0x0000000800000000)
  region size 2048K, 53 young (108544K), 6 survivors (12288K)
 Metaspace       used 121562K, committed 123776K, reserved 1179648K
  class space    used 16829K, committed 17920K, reserved 1048576K
}
Event: 21.212 GC heap after
{Heap after GC invocations=45 (full 0):
 garbage-first heap   total 272384K, used 150173K [0x0000000700000000, 0x0000000800000000)
  region size 2048K, 6 young (12288K), 6 survivors (12288K)
 Metaspace       used 121562K, committed 123776K, reserved 1179648K
  class space    used 16829K, committed 17920K, reserved 1048576K
}
Event: 80.456 GC heap before
{Heap before GC invocations=46 (full 0):
 garbage-first heap   total 272384K, used 240285K [0x0000000700000000, 0x0000000800000000)
  region size 2048K, 51 young (104448K), 6 survivors (12288K)
 Metaspace       used 122883K, committed 125184K, reserved 1179648K
  class space    used 17044K, committed 18176K, reserved 1048576K
}
Event: 80.755 GC heap after
{Heap after GC invocations=47 (full 0):
 garbage-first heap   total 272384K, used 152604K [0x0000000700000000, 0x0000000800000000)
  region size 2048K, 3 young (6144K), 3 survivors (6144K)
 Metaspace       used 122883K, committed 125184K, reserved 1179648K
  class space    used 17044K, committed 18176K, reserved 1048576K
}
Event: 83.813 GC heap before
{Heap before GC invocations=47 (full 0):
 garbage-first heap   total 272384K, used 246812K [0x0000000700000000, 0x0000000800000000)
  region size 2048K, 50 young (102400K), 3 survivors (6144K)
 Metaspace       used 124725K, committed 127104K, reserved 1179648K
  class space    used 17191K, committed 18368K, reserved 1048576K
}
Event: 83.869 GC heap after
{Heap after GC invocations=48 (full 0):
 garbage-first heap   total 272384K, used 161410K [0x0000000700000000, 0x0000000800000000)
  region size 2048K, 7 young (14336K), 7 survivors (14336K)
 Metaspace       used 124725K, committed 127104K, reserved 1179648K
  class space    used 17191K, committed 18368K, reserved 1048576K
}
Event: 84.857 GC heap before
{Heap before GC invocations=48 (full 0):
 garbage-first heap   total 272384K, used 190082K [0x0000000700000000, 0x0000000800000000)
  region size 2048K, 23 young (47104K), 7 survivors (14336K)
 Metaspace       used 126414K, committed 128768K, reserved 1179648K
  class space    used 17425K, committed 18560K, reserved 1048576K
}
Event: 84.874 GC heap after
{Heap after GC invocations=49 (full 0):
 garbage-first heap   total 272384K, used 169437K [0x0000000700000000, 0x0000000800000000)
  region size 2048K, 4 young (8192K), 4 survivors (8192K)
 Metaspace       used 126414K, committed 128768K, reserved 1179648K
  class space    used 17425K, committed 18560K, reserved 1048576K
}

