# JRE version: OpenJDK Runtime Environment (21.0.7) (build 21.0.7+-13880790-b1038.58)
# Java VM: OpenJDK 64-Bit Server VM (21.0.7+-13880790-b1038.58, mixed mode, tiered, compressed oops, compressed class ptrs, g1 gc, windows-amd64)
GC Precious Log:
 CardTable entry size: 512
 Card Set container configuration: InlinePtr #cards 4 size 8 Array Of Cards #cards 16 size 48 Howl #buckets 8 coarsen threshold 3686 Howl Bitmap #cards 512 size 80 coarsen threshold 460 Card regions per heap region 1 cards per card region 4096
 CPUs: 16 total, 16 available
 Memory: 7540M
 Large Page Support: Disabled
 NUMA Support: Disabled
 Compressed Oops: Enabled (Zero based)
 Heap Region Size: 2M
 Heap Min Capacity: 8M
 Heap Initial Capacity: 118M
 Heap Max Capacity: 4G
 Pre-touch: Disabled
 Parallel Workers: 13
 Concurrent Workers: 3
 Concurrent Refinement Workers: 13
 Periodic GC: Disabled
Heap:
 garbage-first heap   total 448512K, used 228589K [0x0000000700000000, 0x0000000800000000)
  region size 2048K, 9 young (18432K), 9 survivors (18432K)
 Metaspace       used 174907K, committed 177408K, reserved 1245184K
  class space    used 24412K, committed 25664K, reserved 1048576K
GC Heap History (20 events):
Event: 83.631 GC heap after
{Heap after GC invocations=63 (full 0):
 garbage-first heap   total 344064K, used 220652K [0x0000000700000000, 0x0000000800000000)
  region size 2048K, 6 young (12288K), 6 survivors (12288K)
 Metaspace       used 150969K, committed 153408K, reserved 1245184K
  class space    used 20429K, committed 21632K, reserved 1048576K
}
Event: 89.864 GC heap before
{Heap before GC invocations=64 (full 0):
 garbage-first heap   total 372736K, used 310764K [0x0000000700000000, 0x0000000800000000)
  region size 2048K, 49 young (100352K), 6 survivors (12288K)
 Metaspace       used 151734K, committed 154112K, reserved 1245184K
  class space    used 20527K, committed 21696K, reserved 1048576K
}
Event: 89.876 GC heap after
{Heap after GC invocations=65 (full 0):
 garbage-first heap   total 372736K, used 232257K [0x0000000700000000, 0x0000000800000000)
  region size 2048K, 7 young (14336K), 7 survivors (14336K)
 Metaspace       used 151734K, committed 154112K, reserved 1245184K
  class space    used 20527K, committed 21696K, reserved 1048576K
}
Event: 90.025 GC heap before
{Heap before GC invocations=65 (full 0):
 garbage-first heap   total 372736K, used 336705K [0x0000000700000000, 0x0000000800000000)
  region size 2048K, 58 young (118784K), 7 survivors (14336K)
 Metaspace       used 152416K, committed 154816K, reserved 1245184K
  class space    used 20637K, committed 21824K, reserved 1048576K
}
Event: 90.034 GC heap after
{Heap after GC invocations=66 (full 0):
 garbage-first heap   total 372736K, used 217791K [0x0000000700000000, 0x0000000800000000)
  region size 2048K, 5 young (10240K), 5 survivors (10240K)
 Metaspace       used 152416K, committed 154816K, reserved 1245184K
  class space    used 20637K, committed 21824K, reserved 1048576K
}
Event: 91.410 GC heap before
{Heap before GC invocations=66 (full 0):
 garbage-first heap   total 372736K, used 336575K [0x0000000700000000, 0x0000000800000000)
  region size 2048K, 64 young (131072K), 5 survivors (10240K)
 Metaspace       used 159558K, committed 162048K, reserved 1245184K
  class space    used 21815K, committed 23040K, reserved 1048576K
}
Event: 91.428 GC heap after
{Heap after GC invocations=67 (full 0):
 garbage-first heap   total 448512K, used 225963K [0x0000000700000000, 0x0000000800000000)
  region size 2048K, 5 young (10240K), 5 survivors (10240K)
 Metaspace       used 159558K, committed 162048K, reserved 1245184K
  class space    used 21815K, committed 23040K, reserved 1048576K
}
Event: 96.313 GC heap before
{Heap before GC invocations=68 (full 0):
 garbage-first heap   total 448512K, used 395947K [0x0000000700000000, 0x0000000800000000)
  region size 2048K, 91 young (186368K), 5 survivors (10240K)
 Metaspace       used 169321K, committed 171904K, reserved 1245184K
  class space    used 23568K, committed 24832K, reserved 1048576K
}
Event: 96.330 GC heap after
{Heap after GC invocations=69 (full 0):
 garbage-first heap   total 448512K, used 235622K [0x0000000700000000, 0x0000000800000000)
  region size 2048K, 11 young (22528K), 11 survivors (22528K)
 Metaspace       used 169321K, committed 171904K, reserved 1245184K
  class space    used 23568K, committed 24832K, reserved 1048576K
}
Event: 96.677 GC heap before
{Heap before GC invocations=69 (full 0):
 garbage-first heap   total 448512K, used 399462K [0x0000000700000000, 0x0000000800000000)
  region size 2048K, 91 young (186368K), 11 survivors (22528K)
 Metaspace       used 169828K, committed 172352K, reserved 1245184K
  class space    used 23578K, committed 24832K, reserved 1048576K
}
Event: 96.702 GC heap after
{Heap after GC invocations=70 (full 0):
 garbage-first heap   total 448512K, used 225520K [0x0000000700000000, 0x0000000800000000)
  region size 2048K, 4 young (8192K), 4 survivors (8192K)
 Metaspace       used 169828K, committed 172352K, reserved 1245184K
  class space    used 23578K, committed 24832K, reserved 1048576K
}
Event: 97.004 GC heap before
{Heap before GC invocations=70 (full 0):
 garbage-first heap   total 448512K, used 405744K [0x0000000700000000, 0x0000000800000000)
  region size 2048K, 92 young (188416K), 4 survivors (8192K)
 Metaspace       used 169988K, committed 172480K, reserved 1245184K
  class space    used 23606K, committed 24832K, reserved 1048576K
}
Event: 97.011 GC heap after
{Heap after GC invocations=71 (full 0):
 garbage-first heap   total 448512K, used 227133K [0x0000000700000000, 0x0000000800000000)
  region size 2048K, 5 young (10240K), 5 survivors (10240K)
 Metaspace       used 169988K, committed 172480K, reserved 1245184K
  class space    used 23606K, committed 24832K, reserved 1048576K
}
Event: 98.239 GC heap before
{Heap before GC invocations=71 (full 0):
 garbage-first heap   total 448512K, used 411453K [0x0000000700000000, 0x0000000800000000)
  region size 2048K, 95 young (194560K), 5 survivors (10240K)
 Metaspace       used 170523K, committed 172992K, reserved 1245184K
  class space    used 23605K, committed 24832K, reserved 1048576K
}
Event: 98.327 GC heap after
{Heap after GC invocations=72 (full 0):
 garbage-first heap   total 448512K, used 224948K [0x0000000700000000, 0x0000000800000000)
  region size 2048K, 4 young (8192K), 4 survivors (8192K)
 Metaspace       used 170523K, committed 172992K, reserved 1245184K
  class space    used 23605K, committed 24832K, reserved 1048576K
}
Event: 98.736 GC heap before
{Heap before GC invocations=73 (full 0):
 garbage-first heap   total 448512K, used 411316K [0x0000000700000000, 0x0000000800000000)
  region size 2048K, 96 young (196608K), 4 survivors (8192K)
 Metaspace       used 170962K, committed 173440K, reserved 1245184K
  class space    used 23659K, committed 24896K, reserved 1048576K
}
Event: 98.817 GC heap after
{Heap after GC invocations=74 (full 0):
 garbage-first heap   total 448512K, used 227038K [0x0000000700000000, 0x0000000800000000)
  region size 2048K, 5 young (10240K), 5 survivors (10240K)
 Metaspace       used 170962K, committed 173440K, reserved 1245184K
  class space    used 23659K, committed 24896K, reserved 1048576K
}
Event: 99.229 GC heap before
{Heap before GC invocations=74 (full 0):
 garbage-first heap   total 448512K, used 411358K [0x0000000700000000, 0x0000000800000000)
  region size 2048K, 95 young (194560K), 5 survivors (10240K)
 Metaspace       used 172652K, committed 175104K, reserved 1245184K
  class space    used 24003K, committed 25216K, reserved 1048576K
}
Event: 99.244 GC heap after
{Heap after GC invocations=75 (full 0):
 garbage-first heap   total 448512K, used 222575K [0x0000000700000000, 0x0000000800000000)
  region size 2048K, 6 young (12288K), 6 survivors (12288K)
 Metaspace       used 172652K, committed 175104K, reserved 1245184K
  class space    used 24003K, committed 25216K, reserved 1048576K
}
Event: 99.778 GC heap before
{Heap before GC invocations=75 (full 0):
 garbage-first heap   total 448512K, used 406895K [0x0000000700000000, 0x0000000800000000)
  region size 2048K, 97 young (198656K), 6 survivors (12288K)
 Metaspace       used 174907K, committed 177408K, reserved 1245184K
  class space    used 24412K, committed 25664K, reserved 1048576K
}

