# JRE version: OpenJDK Runtime Environment (21.0.7) (build 21.0.7+-13880790-b1038.58)
# Java VM: OpenJDK 64-Bit Server VM (21.0.7+-13880790-b1038.58, mixed mode, tiered, compressed oops, compressed class ptrs, g1 gc, windows-amd64)
GC Precious Log:
 CardTable entry size: 512
 Card Set container configuration: InlinePtr #cards 4 size 8 Array Of Cards #cards 16 size 48 Howl #buckets 8 coarsen threshold 3686 Howl Bitmap #cards 512 size 80 coarsen threshold 460 Card regions per heap region 1 cards per card region 4096
 CPUs: 16 total, 16 available
 Memory: 7540M
 Large Page Support: Disabled
 NUMA Support: Disabled
 Compressed Oops: Enabled (Zero based)
 Heap Region Size: 2M
 Heap Min Capacity: 8M
 Heap Initial Capacity: 118M
 Heap Max Capacity: 4G
 Pre-touch: Disabled
 Parallel Workers: 13
 Concurrent Workers: 3
 Concurrent Refinement Workers: 13
 Periodic GC: Disabled
Heap:
 garbage-first heap   total 655360K, used 365079K [0x0000000700000000, 0x0000000800000000)
  region size 2048K, 65 young (133120K), 7 survivors (14336K)
 Metaspace       used 152928K, committed 155264K, reserved 1245184K
  class space    used 22234K, committed 23360K, reserved 1048576K
GC Heap History (20 events):
Event: 43.000 GC heap before
{Heap before GC invocations=61 (full 0):
 garbage-first heap   total 292864K, used 262259K [0x0000000700000000, 0x0000000800000000)
  region size 2048K, 40 young (81920K), 6 survivors (12288K)
 Metaspace       used 142320K, committed 144704K, reserved 1179648K
  class space    used 20789K, committed 21952K, reserved 1048576K
}
Event: 43.007 GC heap after
{Heap after GC invocations=62 (full 0):
 garbage-first heap   total 292864K, used 195228K [0x0000000700000000, 0x0000000800000000)
  region size 2048K, 2 young (4096K), 2 survivors (4096K)
 Metaspace       used 142320K, committed 144704K, reserved 1179648K
  class space    used 20789K, committed 21952K, reserved 1048576K
}
Event: 43.268 GC heap before
{Heap before GC invocations=62 (full 0):
 garbage-first heap   total 327680K, used 271004K [0x0000000700000000, 0x0000000800000000)
  region size 2048K, 39 young (79872K), 2 survivors (4096K)
 Metaspace       used 143182K, committed 145600K, reserved 1179648K
  class space    used 20936K, committed 22080K, reserved 1048576K
}
Event: 43.273 GC heap after
{Heap after GC invocations=63 (full 0):
 garbage-first heap   total 327680K, used 197235K [0x0000000700000000, 0x0000000800000000)
  region size 2048K, 3 young (6144K), 3 survivors (6144K)
 Metaspace       used 143182K, committed 145600K, reserved 1179648K
  class space    used 20936K, committed 22080K, reserved 1048576K
}
Event: 43.509 GC heap before
{Heap before GC invocations=64 (full 0):
 garbage-first heap   total 327680K, used 297587K [0x0000000700000000, 0x0000000800000000)
  region size 2048K, 53 young (108544K), 3 survivors (6144K)
 Metaspace       used 144152K, committed 146432K, reserved 1179648K
  class space    used 21097K, committed 22208K, reserved 1048576K
}
Event: 43.514 GC heap after
{Heap after GC invocations=65 (full 0):
 garbage-first heap   total 327680K, used 198045K [0x0000000700000000, 0x0000000800000000)
  region size 2048K, 3 young (6144K), 3 survivors (6144K)
 Metaspace       used 144152K, committed 146432K, reserved 1179648K
  class space    used 21097K, committed 22208K, reserved 1048576K
}
Event: 43.715 GC heap before
{Heap before GC invocations=65 (full 0):
 garbage-first heap   total 327680K, used 304541K [0x0000000700000000, 0x0000000800000000)
  region size 2048K, 55 young (112640K), 3 survivors (6144K)
 Metaspace       used 144442K, committed 146688K, reserved 1179648K
  class space    used 21104K, committed 22208K, reserved 1048576K
}
Event: 43.724 GC heap after
{Heap after GC invocations=66 (full 0):
 garbage-first heap   total 655360K, used 196145K [0x0000000700000000, 0x0000000800000000)
  region size 2048K, 3 young (6144K), 3 survivors (6144K)
 Metaspace       used 144442K, committed 146688K, reserved 1179648K
  class space    used 21104K, committed 22208K, reserved 1048576K
}
Event: 44.512 GC heap before
{Heap before GC invocations=66 (full 0):
 garbage-first heap   total 655360K, used 581169K [0x0000000700000000, 0x0000000800000000)
  region size 2048K, 191 young (391168K), 3 survivors (6144K)
 Metaspace       used 145251K, committed 147584K, reserved 1179648K
  class space    used 21143K, committed 22272K, reserved 1048576K
}
Event: 44.523 GC heap after
{Heap after GC invocations=67 (full 0):
 garbage-first heap   total 655360K, used 199629K [0x0000000700000000, 0x0000000800000000)
  region size 2048K, 5 young (10240K), 5 survivors (10240K)
 Metaspace       used 145251K, committed 147584K, reserved 1179648K
  class space    used 21143K, committed 22272K, reserved 1048576K
}
Event: 45.067 GC heap before
{Heap before GC invocations=67 (full 0):
 garbage-first heap   total 655360K, used 580557K [0x0000000700000000, 0x0000000800000000)
  region size 2048K, 192 young (393216K), 5 survivors (10240K)
 Metaspace       used 145377K, committed 147712K, reserved 1179648K
  class space    used 21154K, committed 22272K, reserved 1048576K
}
Event: 45.076 GC heap after
{Heap after GC invocations=68 (full 0):
 garbage-first heap   total 655360K, used 201950K [0x0000000700000000, 0x0000000800000000)
  region size 2048K, 6 young (12288K), 6 survivors (12288K)
 Metaspace       used 145377K, committed 147712K, reserved 1179648K
  class space    used 21154K, committed 22272K, reserved 1048576K
}
Event: 45.622 GC heap before
{Heap before GC invocations=68 (full 0):
 garbage-first heap   total 655360K, used 580830K [0x0000000700000000, 0x0000000800000000)
  region size 2048K, 192 young (393216K), 6 survivors (12288K)
 Metaspace       used 145559K, committed 147840K, reserved 1179648K
  class space    used 21173K, committed 22272K, reserved 1048576K
}
Event: 45.654 GC heap after
{Heap after GC invocations=69 (full 0):
 garbage-first heap   total 655360K, used 204321K [0x0000000700000000, 0x0000000800000000)
  region size 2048K, 7 young (14336K), 7 survivors (14336K)
 Metaspace       used 145559K, committed 147840K, reserved 1179648K
  class space    used 21173K, committed 22272K, reserved 1048576K
}
Event: 46.626 GC heap before
{Heap before GC invocations=70 (full 0):
 garbage-first heap   total 655360K, used 581153K [0x0000000700000000, 0x0000000800000000)
  region size 2048K, 192 young (393216K), 7 survivors (14336K)
 Metaspace       used 147073K, committed 149312K, reserved 1179648K
  class space    used 21517K, committed 22592K, reserved 1048576K
}
Event: 46.694 GC heap after
{Heap after GC invocations=71 (full 0):
 garbage-first heap   total 655360K, used 207294K [0x0000000700000000, 0x0000000800000000)
  region size 2048K, 9 young (18432K), 9 survivors (18432K)
 Metaspace       used 147073K, committed 149312K, reserved 1179648K
  class space    used 21517K, committed 22592K, reserved 1048576K
}
Event: 47.726 GC heap before
{Heap before GC invocations=71 (full 0):
 garbage-first heap   total 655360K, used 580030K [0x0000000700000000, 0x0000000800000000)
  region size 2048K, 192 young (393216K), 9 survivors (18432K)
 Metaspace       used 147638K, committed 149952K, reserved 1179648K
  class space    used 21534K, committed 22656K, reserved 1048576K
}
Event: 47.743 GC heap after
{Heap after GC invocations=72 (full 0):
 garbage-first heap   total 655360K, used 218087K [0x0000000700000000, 0x0000000800000000)
  region size 2048K, 17 young (34816K), 17 survivors (34816K)
 Metaspace       used 147638K, committed 149952K, reserved 1179648K
  class space    used 21534K, committed 22656K, reserved 1048576K
}
Event: 50.998 GC heap before
{Heap before GC invocations=72 (full 0):
 garbage-first heap   total 655360K, used 408551K [0x0000000700000000, 0x0000000800000000)
  region size 2048K, 112 young (229376K), 17 survivors (34816K)
 Metaspace       used 151552K, committed 153856K, reserved 1245184K
  class space    used 22029K, committed 23168K, reserved 1048576K
}
Event: 51.012 GC heap after
{Heap after GC invocations=73 (full 0):
 garbage-first heap   total 655360K, used 207383K [0x0000000700000000, 0x0000000800000000)
  region size 2048K, 7 young (14336K), 7 survivors (14336K)
 Metaspace       used 151552K, committed 153856K, reserved 1245184K
  class space    used 22029K, committed 23168K, reserved 1048576K
}

